{"level":"warning","message":"GET en /mockingproducts - at 20/3/2024 - 12:19:29 p. m."}
{"level":"error","message":"GET en /mockingproducts - at 20/3/2024 - 12:19:29 p. m."}
warning: GET en /mockingproducts - at 20/3/2024 - 12:23:21 p. m.
error: GET en /mockingproducts - at 20/3/2024 - 12:23:21 p. m.
{"level":"warning","message":"GET en /mockingproducts - at 20/3/2024 - 12:23:50 p. m."}
{"level":"error","message":"GET en /mockingproducts - at 20/3/2024 - 12:23:50 p. m."}
{"level":"warning","message":"GET en /mockingproducts - at 20/3/2024 - 2:17:57 p. m."}
{"level":"http","message":"GET en /mockingproducts - at 20/3/2024 - 2:17:57 p. m."}
{"level":"warning","message":"GET en /mockingproducts - at 20/3/2024 - 2:18:15 p. m."}
{"level":"http","message":"GET en /mockingproducts - at 20/3/2024 - 2:18:15 p. m."}
{"level":"warning","message":"GET en /mockingproducts - at 20/3/2024 - 2:19:29 p. m."}
{"level":"http","message":"GET en /mockingproducts - at 20/3/2024 - 2:19:29 p. m."}
warning: GET en /mockingproducts - at 20/3/2024 - 2:37:32 p. m.
http: GET en /mockingproducts - at 20/3/2024 - 2:37:32 p. m.
error: GET en /mockingproducts - at 20/3/2024 - 2:37:32 p. m.
warning: GET en /loggerTest - at 20/3/2024 - 2:38:08 p. m.
http: GET en /loggerTest - at 20/3/2024 - 2:38:08 p. m.
error: GET en /loggerTest - at 20/3/2024 - 2:38:08 p. m.
info: This is an info log.
warning: This is a warning log.
error: This is an error log.
warning: GET en /loggerTest - at 20/3/2024 - 2:38:54 p. m.
http: GET en /loggerTest - at 20/3/2024 - 2:38:54 p. m.
error: GET en /loggerTest - at 20/3/2024 - 2:38:54 p. m.
info: This is an info log.
warning: This is a warning log.
error: This is an error log.
warning: GET en /loggerTest - at 20/3/2024 - 2:39:27 p. m.
http: GET en /loggerTest - at 20/3/2024 - 2:39:27 p. m.
error: GET en /loggerTest - at 20/3/2024 - 2:39:27 p. m.
info: This is an info log.
warning: This is a warning log.
error: This is an error log.
warning: GET en /loggerTest - at 20/3/2024 - 2:41:20 p. m.
http: GET en /loggerTest - at 20/3/2024 - 2:41:20 p. m.
error: GET en /loggerTest - at 20/3/2024 - 2:41:20 p. m.
info: This is an info log.
warning: This is a warning log.
error: This is an error log.
warning: GET en /loggerTest - at 20/3/2024 - 2:42:11 p. m.
http: GET en /loggerTest - at 20/3/2024 - 2:42:11 p. m.
error: GET en /loggerTest - at 20/3/2024 - 2:42:11 p. m.
info: This is an info log.
warning: This is a warning log.
error: This is an error log.
warning: GET en /loggerTest - at 20/3/2024 - 2:42:49 p. m.
http: GET en /loggerTest - at 20/3/2024 - 2:42:49 p. m.
error: GET en /loggerTest - at 20/3/2024 - 2:42:49 p. m.
info: This is an info log.
warning: This is a warning log.
error: This is an error log.
warning: GET en /loggerTest - at 20/3/2024 - 2:45:16 p. m.
http: GET en /loggerTest - at 20/3/2024 - 2:45:16 p. m.
error: GET en /loggerTest - at 20/3/2024 - 2:45:16 p. m.
info: This is an info log.
warning: This is a warning log.
error: This is an error log.
warning: GET en /loggerTest - at 20/3/2024 - 2:47:25 p. m.
http: GET en /loggerTest - at 20/3/2024 - 2:47:25 p. m.
error: GET en /loggerTest - at 20/3/2024 - 2:47:25 p. m.
info: This is an info log.
warning: This is a warning log.
error: This is an error log.
warning: GET en /loggerTest - at 20/3/2024 - 2:47:56 p. m.
http: GET en /loggerTest - at 20/3/2024 - 2:47:56 p. m.
error: GET en /loggerTest - at 20/3/2024 - 2:47:56 p. m.
info: This is an info log.
warning: This is a warning log.
error: This is an error log.
{"level":"warning","message":"GET en /loggerTest - at 20/3/2024 - 2:48:19 p. m."}
{"level":"http","message":"GET en /loggerTest - at 20/3/2024 - 2:48:19 p. m."}
{"level":"info","message":"This is an info log."}
{"level":"warning","message":"This is a warning log."}
warning: GET en /loggerTest - at 20/3/2024 - 2:49:12 p. m.
http: GET en /loggerTest - at 20/3/2024 - 2:49:12 p. m.
error: GET en /loggerTest - at 20/3/2024 - 2:49:12 p. m.
info: This is an info log.
warning: This is a warning log.
error: This is an error log.
warning: GET en /api/email - at 20/3/2024 - 3:07:32 p. m.
http: GET en /api/email - at 20/3/2024 - 3:07:32 p. m.
error: GET en /api/email - at 20/3/2024 - 3:07:32 p. m.
warning: POST en /api/sessions/login - at 26/3/2024 - 12:12:09 p. m.
http: POST en /api/sessions/login - at 26/3/2024 - 12:12:09 p. m.
error: POST en /api/sessions/login - at 26/3/2024 - 12:12:09 p. m.
warning: GET en /api/sessions/fail-login - at 26/3/2024 - 12:12:09 p. m.
http: GET en /api/sessions/fail-login - at 26/3/2024 - 12:12:09 p. m.
error: GET en /api/sessions/fail-login - at 26/3/2024 - 12:12:09 p. m.
warning: POST en /api/sessions/login - at 26/3/2024 - 12:12:11 p. m.
http: POST en /api/sessions/login - at 26/3/2024 - 12:12:11 p. m.
error: POST en /api/sessions/login - at 26/3/2024 - 12:12:11 p. m.
warning: GET en /api/sessions/fail-login - at 26/3/2024 - 12:12:11 p. m.
http: GET en /api/sessions/fail-login - at 26/3/2024 - 12:12:11 p. m.
error: GET en /api/sessions/fail-login - at 26/3/2024 - 12:12:11 p. m.
warning: POST en /api/sessions/login - at 26/3/2024 - 12:12:14 p. m.
http: POST en /api/sessions/login - at 26/3/2024 - 12:12:14 p. m.
error: POST en /api/sessions/login - at 26/3/2024 - 12:12:14 p. m.
warning: GET en /api/sessions/fail-login - at 26/3/2024 - 12:12:15 p. m.
http: GET en /api/sessions/fail-login - at 26/3/2024 - 12:12:15 p. m.
error: GET en /api/sessions/fail-login - at 26/3/2024 - 12:12:15 p. m.
warning: POST en /api/sessions/login - at 26/3/2024 - 12:38:36 p. m.
http: POST en /api/sessions/login - at 26/3/2024 - 12:38:36 p. m.
error: POST en /api/sessions/login - at 26/3/2024 - 12:38:36 p. m.
warning: GET en /api/sessions/fail-login - at 26/3/2024 - 12:38:37 p. m.
http: GET en /api/sessions/fail-login - at 26/3/2024 - 12:38:37 p. m.
error: GET en /api/sessions/fail-login - at 26/3/2024 - 12:38:37 p. m.
warning: POST en /api/sessions/login - at 26/3/2024 - 12:47:23 p. m.
http: POST en /api/sessions/login - at 26/3/2024 - 12:47:23 p. m.
error: POST en /api/sessions/login - at 26/3/2024 - 12:47:23 p. m.
warning: GET en /api/sessions/fail-login - at 26/3/2024 - 12:47:23 p. m.
http: GET en /api/sessions/fail-login - at 26/3/2024 - 12:47:23 p. m.
error: GET en /api/sessions/fail-login - at 26/3/2024 - 12:47:23 p. m.
warning: POST en /api/sessions/register - at 26/3/2024 - 12:59:55 p. m.
http: POST en /api/sessions/register - at 26/3/2024 - 12:59:55 p. m.
error: POST en /api/sessions/register - at 26/3/2024 - 12:59:55 p. m.
warning: POST en /api/sessions/register - at 26/3/2024 - 1:07:26 p. m.
http: POST en /api/sessions/register - at 26/3/2024 - 1:07:26 p. m.
error: POST en /api/sessions/register - at 26/3/2024 - 1:07:26 p. m.
warning: POST en /api/sessions/login - at 26/3/2024 - 1:08:57 p. m.
http: POST en /api/sessions/login - at 26/3/2024 - 1:08:57 p. m.
error: POST en /api/sessions/login - at 26/3/2024 - 1:08:57 p. m.
warning: GET en /api/sessions/fail-login - at 26/3/2024 - 1:08:57 p. m.
http: GET en /api/sessions/fail-login - at 26/3/2024 - 1:08:57 p. m.
error: GET en /api/sessions/fail-login - at 26/3/2024 - 1:08:57 p. m.
warning: POST en /api/sessions/login - at 26/3/2024 - 1:09:19 p. m.
http: POST en /api/sessions/login - at 26/3/2024 - 1:09:19 p. m.
error: POST en /api/sessions/login - at 26/3/2024 - 1:09:19 p. m.
warning: GET en /api/sessions/fail-login - at 26/3/2024 - 1:09:19 p. m.
http: GET en /api/sessions/fail-login - at 26/3/2024 - 1:09:19 p. m.
error: GET en /api/sessions/fail-login - at 26/3/2024 - 1:09:19 p. m.
warning: POST en /api/sessions/login - at 26/3/2024 - 1:09:33 p. m.
http: POST en /api/sessions/login - at 26/3/2024 - 1:09:33 p. m.
error: POST en /api/sessions/login - at 26/3/2024 - 1:09:33 p. m.
warning: GET en /api/sessions/fail-login - at 26/3/2024 - 1:09:33 p. m.
http: GET en /api/sessions/fail-login - at 26/3/2024 - 1:09:33 p. m.
error: GET en /api/sessions/fail-login - at 26/3/2024 - 1:09:33 p. m.
warning: POST en /api/sessions/login - at 26/3/2024 - 1:09:53 p. m.
http: POST en /api/sessions/login - at 26/3/2024 - 1:09:53 p. m.
error: POST en /api/sessions/login - at 26/3/2024 - 1:09:53 p. m.
warning: GET en /api/sessions/fail-login - at 26/3/2024 - 1:09:54 p. m.
http: GET en /api/sessions/fail-login - at 26/3/2024 - 1:09:54 p. m.
error: GET en /api/sessions/fail-login - at 26/3/2024 - 1:09:54 p. m.
warning: POST en /api/sessions/register - at 26/3/2024 - 1:10:14 p. m.
http: POST en /api/sessions/register - at 26/3/2024 - 1:10:14 p. m.
error: POST en /api/sessions/register - at 26/3/2024 - 1:10:14 p. m.
warning: POST en /api/sessions/login - at 26/3/2024 - 1:10:28 p. m.
http: POST en /api/sessions/login - at 26/3/2024 - 1:10:28 p. m.
error: POST en /api/sessions/login - at 26/3/2024 - 1:10:28 p. m.
warning: POST en /api/sessions/login - at 26/3/2024 - 1:11:37 p. m.
http: POST en /api/sessions/login - at 26/3/2024 - 1:11:37 p. m.
error: POST en /api/sessions/login - at 26/3/2024 - 1:11:37 p. m.
warning: POST en /api/sessions/register - at 26/3/2024 - 2:36:16 p. m.
http: POST en /api/sessions/register - at 26/3/2024 - 2:36:16 p. m.
error: POST en /api/sessions/register - at 26/3/2024 - 2:36:16 p. m.
warning: POST en /api/email - at 26/3/2024 - 2:36:18 p. m.
http: POST en /api/email - at 26/3/2024 - 2:36:18 p. m.
error: POST en /api/email - at 26/3/2024 - 2:36:18 p. m.
warning: POST en /api/sessions/register - at 26/3/2024 - 2:37:41 p. m.
http: POST en /api/sessions/register - at 26/3/2024 - 2:37:41 p. m.
error: POST en /api/sessions/register - at 26/3/2024 - 2:37:41 p. m.
warning: GET en /api/sessions/api/session/fail-register - at 26/3/2024 - 2:37:41 p. m.
http: GET en /api/sessions/api/session/fail-register - at 26/3/2024 - 2:37:41 p. m.
error: GET en /api/sessions/api/session/fail-register - at 26/3/2024 - 2:37:41 p. m.
warning: POST en /api/sessions/register - at 26/3/2024 - 2:38:21 p. m.
http: POST en /api/sessions/register - at 26/3/2024 - 2:38:21 p. m.
error: POST en /api/sessions/register - at 26/3/2024 - 2:38:21 p. m.
warning: GET en /api/sessions/api/session/fail-register - at 26/3/2024 - 2:38:21 p. m.
http: GET en /api/sessions/api/session/fail-register - at 26/3/2024 - 2:38:21 p. m.
error: GET en /api/sessions/api/session/fail-register - at 26/3/2024 - 2:38:21 p. m.
warning: POST en /api/sessions/register - at 26/3/2024 - 2:40:08 p. m.
http: POST en /api/sessions/register - at 26/3/2024 - 2:40:08 p. m.
error: POST en /api/sessions/register - at 26/3/2024 - 2:40:08 p. m.
warning: POST en /api/sessions/register - at 26/3/2024 - 2:40:10 p. m.
http: POST en /api/sessions/register - at 26/3/2024 - 2:40:10 p. m.
error: POST en /api/sessions/register - at 26/3/2024 - 2:40:10 p. m.
warning: POST en /api/email/ - at 26/3/2024 - 2:40:11 p. m.
http: POST en /api/email/ - at 26/3/2024 - 2:40:11 p. m.
error: POST en /api/email/ - at 26/3/2024 - 2:40:11 p. m.
warning: GET en /api/sessions/api/session/fail-register - at 26/3/2024 - 2:40:11 p. m.
http: GET en /api/sessions/api/session/fail-register - at 26/3/2024 - 2:40:11 p. m.
error: GET en /api/sessions/api/session/fail-register - at 26/3/2024 - 2:40:11 p. m.
warning: POST en /api/sessions/register - at 26/3/2024 - 2:44:11 p. m.
http: POST en /api/sessions/register - at 26/3/2024 - 2:44:11 p. m.
error: POST en /api/sessions/register - at 26/3/2024 - 2:44:11 p. m.
warning: GET en /api/email/ - at 26/3/2024 - 2:44:12 p. m.
http: GET en /api/email/ - at 26/3/2024 - 2:44:12 p. m.
error: GET en /api/email/ - at 26/3/2024 - 2:44:12 p. m.
warning: POST en /api/sessions/register - at 26/3/2024 - 3:05:16 p. m.
http: POST en /api/sessions/register - at 26/3/2024 - 3:05:16 p. m.
error: POST en /api/sessions/register - at 26/3/2024 - 3:05:16 p. m.
warning: POST en /api/email/ - at 26/3/2024 - 3:05:23 p. m.
http: POST en /api/email/ - at 26/3/2024 - 3:05:23 p. m.
error: POST en /api/email/ - at 26/3/2024 - 3:05:23 p. m.
warning: GET en /api/email/ - at 26/3/2024 - 3:05:56 p. m.
http: GET en /api/email/ - at 26/3/2024 - 3:05:56 p. m.
error: GET en /api/email/ - at 26/3/2024 - 3:05:56 p. m.
warning: GET en /favicon.ico - at 26/3/2024 - 3:05:59 p. m.
http: GET en /favicon.ico - at 26/3/2024 - 3:05:59 p. m.
error: GET en /favicon.ico - at 26/3/2024 - 3:05:59 p. m.
warning: POST en /api/sessions/register - at 26/3/2024 - 3:08:02 p. m.
http: POST en /api/sessions/register - at 26/3/2024 - 3:08:02 p. m.
error: POST en /api/sessions/register - at 26/3/2024 - 3:08:02 p. m.
warning: POST en /api/email/ - at 26/3/2024 - 3:08:04 p. m.
http: POST en /api/email/ - at 26/3/2024 - 3:08:04 p. m.
error: POST en /api/email/ - at 26/3/2024 - 3:08:04 p. m.
warning: POST en /api/sessions/register - at 26/3/2024 - 3:12:39 p. m.
http: POST en /api/sessions/register - at 26/3/2024 - 3:12:39 p. m.
error: POST en /api/sessions/register - at 26/3/2024 - 3:12:39 p. m.
warning: POST en /api/email/ - at 26/3/2024 - 3:12:41 p. m.
http: POST en /api/email/ - at 26/3/2024 - 3:12:41 p. m.
error: POST en /api/email/ - at 26/3/2024 - 3:12:41 p. m.
warning: GET en /api/email/ - at 26/3/2024 - 3:17:57 p. m.
http: GET en /api/email/ - at 26/3/2024 - 3:17:57 p. m.
error: GET en /api/email/ - at 26/3/2024 - 3:17:57 p. m.
warning: GET en /api/email/ - at 26/3/2024 - 3:19:23 p. m.
http: GET en /api/email/ - at 26/3/2024 - 3:19:23 p. m.
error: GET en /api/email/ - at 26/3/2024 - 3:19:23 p. m.
warning: POST en /api/sessions/register - at 26/3/2024 - 3:21:14 p. m.
http: POST en /api/sessions/register - at 26/3/2024 - 3:21:14 p. m.
error: POST en /api/sessions/register - at 26/3/2024 - 3:21:14 p. m.
warning: POST en /api/email/ - at 26/3/2024 - 3:21:16 p. m.
http: POST en /api/email/ - at 26/3/2024 - 3:21:16 p. m.
error: POST en /api/email/ - at 26/3/2024 - 3:21:16 p. m.
warning: POST en /api/sessions/register - at 26/3/2024 - 3:57:06 p. m.
http: POST en /api/sessions/register - at 26/3/2024 - 3:57:06 p. m.
error: POST en /api/sessions/register - at 26/3/2024 - 3:57:06 p. m.
warning: GET en /api/email/ - at 26/3/2024 - 3:57:07 p. m.
http: GET en /api/email/ - at 26/3/2024 - 3:57:07 p. m.
error: GET en /api/email/ - at 26/3/2024 - 3:57:07 p. m.
warning: POST en /api/sessions/register - at 26/3/2024 - 4:02:49 p. m.
http: POST en /api/sessions/register - at 26/3/2024 - 4:02:49 p. m.
error: POST en /api/sessions/register - at 26/3/2024 - 4:02:49 p. m.
warning: POST en /api/email/ - at 26/3/2024 - 4:02:53 p. m.
http: POST en /api/email/ - at 26/3/2024 - 4:02:53 p. m.
error: POST en /api/email/ - at 26/3/2024 - 4:02:53 p. m.
warning: POST en /api/sessions/register - at 26/3/2024 - 4:05:18 p. m.
http: POST en /api/sessions/register - at 26/3/2024 - 4:05:18 p. m.
error: POST en /api/sessions/register - at 26/3/2024 - 4:05:18 p. m.
warning: POST en /api/email/ - at 26/3/2024 - 4:05:20 p. m.
http: POST en /api/email/ - at 26/3/2024 - 4:05:20 p. m.
error: POST en /api/email/ - at 26/3/2024 - 4:05:20 p. m.
warning: POST en /api/sessions/register - at 26/3/2024 - 4:14:37 p. m.
http: POST en /api/sessions/register - at 26/3/2024 - 4:14:37 p. m.
error: POST en /api/sessions/register - at 26/3/2024 - 4:14:37 p. m.
warning: GET en /api/sessions/api/session/fail-register - at 26/3/2024 - 4:14:37 p. m.
http: GET en /api/sessions/api/session/fail-register - at 26/3/2024 - 4:14:37 p. m.
error: GET en /api/sessions/api/session/fail-register - at 26/3/2024 - 4:14:37 p. m.
warning: POST en /api/sessions/register - at 26/3/2024 - 4:15:42 p. m.
http: POST en /api/sessions/register - at 26/3/2024 - 4:15:42 p. m.
error: POST en /api/sessions/register - at 26/3/2024 - 4:15:42 p. m.
warning: POST en /api/email/ - at 26/3/2024 - 4:15:43 p. m.
http: POST en /api/email/ - at 26/3/2024 - 4:15:43 p. m.
error: POST en /api/email/ - at 26/3/2024 - 4:15:43 p. m.
warning: POST en /api/sessions/register - at 26/3/2024 - 4:26:17 p. m.
http: POST en /api/sessions/register - at 26/3/2024 - 4:26:17 p. m.
error: POST en /api/sessions/register - at 26/3/2024 - 4:26:17 p. m.
warning: POST en /api/email/ - at 26/3/2024 - 4:26:21 p. m.
http: POST en /api/email/ - at 26/3/2024 - 4:26:21 p. m.
error: POST en /api/email/ - at 26/3/2024 - 4:26:21 p. m.
warning: POST en /api/sessions/register - at 26/3/2024 - 4:28:23 p. m.
http: POST en /api/sessions/register - at 26/3/2024 - 4:28:23 p. m.
error: POST en /api/sessions/register - at 26/3/2024 - 4:28:23 p. m.
warning: POST en /api/email/ - at 26/3/2024 - 4:28:24 p. m.
http: POST en /api/email/ - at 26/3/2024 - 4:28:24 p. m.
error: POST en /api/email/ - at 26/3/2024 - 4:28:24 p. m.
